<?xml version="1.0" encoding="UTF-8"?>
<!-- Generated by org.testng.reporters.JUnitXMLReporter -->
<testsuite hostname="Om" ignored="0" name="CreatePortfolioTest" tests="2" failures="1" timestamp="2021-04-27T12:13:11 BST" time="0.431" errors="0">
  <testcase name="@AfterMethod afterMethod" time="0.127" classname="com.qtpselenium.hybrid.BaseTest">
    <failure type="java.lang.NullPointerException">
      <![CDATA[java.lang.NullPointerException
at com.qtpselenium.hybrid.BaseTest.afterMethod(BaseTest.java:61)
at java.util.ArrayList.forEach(Unknown Source)
... Removed 33 stack frames]]>
    </failure>
  </testcase> <!-- @AfterMethod afterMethod -->
  <testcase name="@BeforeMethod beforeMethod" time="-1.61952199168E9" classname="com.qtpselenium.hybrid.BaseTest">
    <skipped/>
  </testcase> <!-- @BeforeMethod beforeMethod -->
  <testcase name="@AfterMethod afterMethod" time="-1.619521991699E9" classname="com.qtpselenium.hybrid.BaseTest">
    <skipped/>
  </testcase> <!-- @AfterMethod afterMethod -->
  <testcase name="CreatePortfolioTest" time="0.005" classname="com.qtpselenium.hybrid.SuiteA.CreatePortfolioTest">
    <failure type="java.lang.NullPointerException">
      <![CDATA[java.lang.NullPointerException
at com.qtpselenium.hybrid.driver.DriverScript.executeTest(DriverScript.java:21)
at com.qtpselenium.hybrid.SuiteA.CreatePortfolioTest.CreatePortfolioTest(CreatePortfolioTest.java:29)
at java.util.ArrayList.forEach(Unknown Source)
... Removed 28 stack frames]]>
    </failure>
  </testcase> <!-- CreatePortfolioTest -->
  <testcase name="CreatePortfolioTest" time="0.0" classname="com.qtpselenium.hybrid.SuiteA.CreatePortfolioTest">
    <skipped/>
  </testcase> <!-- CreatePortfolioTest -->
</testsuite> <!-- CreatePortfolioTest -->
