<?xml version="1.0" encoding="UTF-8"?>
<!-- Generated by org.testng.reporters.JUnitXMLReporter -->
<testsuite hostname="Om" ignored="0" name="CreatePortfolioTest" tests="2" failures="1" timestamp="2021-04-28T12:59:02 BST" time="0.322" errors="0">
  <testcase name="@AfterMethod afterMethod" time="0.134" classname="com.qtpselenium.hybrid.BaseTest">
    <failure type="java.lang.NullPointerException">
      <![CDATA[java.lang.NullPointerException
at com.qtpselenium.hybrid.BaseTest.afterMethod(BaseTest.java:63)
at java.util.ArrayList.forEach(ArrayList.java:1259)
... Removed 37 stack frames]]>
    </failure>
  </testcase> <!-- @AfterMethod afterMethod -->
  <testcase name="@BeforeMethod beforeMethod" time="-1.619611142238E9" classname="com.qtpselenium.hybrid.BaseTest">
    <skipped/>
  </testcase> <!-- @BeforeMethod beforeMethod -->
  <testcase name="@AfterMethod afterMethod" time="-1.619611142239E9" classname="com.qtpselenium.hybrid.BaseTest">
    <skipped/>
  </testcase> <!-- @AfterMethod afterMethod -->
  <testcase name="CreatePortfolioTest" time="0.002" classname="com.qtpselenium.hybrid.SuiteA.CreatePortfolioTest">
    <failure type="java.lang.NullPointerException">
      <![CDATA[java.lang.NullPointerException
at com.qtpselenium.hybrid.driver.DriverScript.executeTest(DriverScript.java:22)
at com.qtpselenium.hybrid.SuiteA.CreatePortfolioTest.CreatePortfolioTest(CreatePortfolioTest.java:30)
at java.util.ArrayList.forEach(ArrayList.java:1259)
... Removed 32 stack frames]]>
    </failure>
  </testcase> <!-- CreatePortfolioTest -->
  <testcase name="CreatePortfolioTest" time="0.0" classname="com.qtpselenium.hybrid.SuiteA.CreatePortfolioTest">
    <skipped/>
  </testcase> <!-- CreatePortfolioTest -->
</testsuite> <!-- CreatePortfolioTest -->
