<?xml version="1.0" encoding="UTF-8"?>
<!-- Generated by org.testng.reporters.JUnitXMLReporter -->
<testsuite hostname="Om" ignored="0" name="LoginTest" tests="2" failures="1" timestamp="2021-04-28T12:59:01 BST" time="2.782" errors="0">
  <testcase name="@AfterMethod afterMethod" time="0.818" classname="com.qtpselenium.hybrid.BaseTest">
    <failure type="java.lang.NullPointerException">
      <![CDATA[java.lang.NullPointerException
at com.qtpselenium.hybrid.BaseTest.afterMethod(BaseTest.java:63)
at java.util.ArrayList.forEach(ArrayList.java:1259)
... Removed 37 stack frames]]>
    </failure>
  </testcase> <!-- @AfterMethod afterMethod -->
  <testcase name="@BeforeMethod beforeMethod" time="-1.619611141835E9" classname="com.qtpselenium.hybrid.BaseTest">
    <skipped/>
  </testcase> <!-- @BeforeMethod beforeMethod -->
  <testcase name="@AfterMethod afterMethod" time="-1.619611141839E9" classname="com.qtpselenium.hybrid.BaseTest">
    <skipped/>
  </testcase> <!-- @AfterMethod afterMethod -->
  <testcase name="loginTest" time="0.02" classname="com.qtpselenium.hybrid.SuiteA.LoginTest">
    <failure type="java.lang.NullPointerException">
      <![CDATA[java.lang.NullPointerException
at com.qtpselenium.hybrid.driver.DriverScript.executeTest(DriverScript.java:22)
at com.qtpselenium.hybrid.SuiteA.LoginTest.loginTest(LoginTest.java:23)
at java.util.ArrayList.forEach(ArrayList.java:1259)
... Removed 32 stack frames]]>
    </failure>
  </testcase> <!-- loginTest -->
  <testcase name="loginTest" time="0.0" classname="com.qtpselenium.hybrid.SuiteA.LoginTest">
    <skipped/>
  </testcase> <!-- loginTest -->
</testsuite> <!-- LoginTest -->
