<?xml version="1.0" encoding="UTF-8"?>
<testsuite xmlns:xsi="http://www.w3.org/2001/XMLSchema-instance" xsi:noNamespaceSchemaLocation="https://maven.apache.org/surefire/maven-surefire-plugin/xsd/surefire-test-report.xsd" name="TestSuite" time="4.854" tests="10" errors="0" skipped="6" failures="4">
  <properties>
[...]
</properties>
  <testcase name="loginTest" classname="com.qtpselenium.hybrid.SuiteA.LoginTest" time="0.041">
    <failure type="java.lang.NullPointerException">java.lang.NullPointerException
	at com.qtpselenium.hybrid.SuiteA.LoginTest.loginTest(LoginTest.java:23)
</failure>
    <system-out><![CDATA[com.qtpselenium.hybrid.utility.XLS_Reader@183ec003
Starting LoginTest
]]></system-out>
  </testcase>
  <testcase name="loginTest" classname="com.qtpselenium.hybrid.SuiteA.LoginTest" time="0">
    <skipped/>
  </testcase>
  <testcase name="afterMethod" classname="com.qtpselenium.hybrid.SuiteA.LoginTest" time="0.857">
    <failure type="java.lang.NullPointerException">java.lang.NullPointerException
</failure>
  </testcase>
  <testcase name="afterMethod" classname="com.qtpselenium.hybrid.SuiteA.LoginTest" time="0">
    <skipped/>
  </testcase>
  <testcase name="beforeMethod" classname="com.qtpselenium.hybrid.SuiteA.LoginTest" time="0">
    <skipped/>
  </testcase>
  <testcase name="CreatePortfolioTest" classname="com.qtpselenium.hybrid.SuiteA.CreatePortfolioTest" time="0.008">
    <failure type="java.lang.NullPointerException">java.lang.NullPointerException
	at com.qtpselenium.hybrid.SuiteA.CreatePortfolioTest.CreatePortfolioTest(CreatePortfolioTest.java:30)
</failure>
    <system-out><![CDATA[com.qtpselenium.hybrid.utility.XLS_Reader@20ca951f
Starting CreatePortfolioTest
]]></system-out>
  </testcase>
  <testcase name="CreatePortfolioTest" classname="com.qtpselenium.hybrid.SuiteA.CreatePortfolioTest" time="0">
    <skipped/>
  </testcase>
  <testcase name="afterMethod" classname="com.qtpselenium.hybrid.SuiteA.CreatePortfolioTest" time="0.139">
    <failure type="java.lang.NullPointerException">java.lang.NullPointerException
</failure>
  </testcase>
  <testcase name="afterMethod" classname="com.qtpselenium.hybrid.SuiteA.CreatePortfolioTest" time="0">
    <skipped/>
  </testcase>
  <testcase name="beforeMethod" classname="com.qtpselenium.hybrid.SuiteA.CreatePortfolioTest" time="0">
    <skipped/>
  </testcase>
</testsuite>